<?xml version="1.0" encoding="UTF-8"?>
<!-- Generated by org.testng.reporters.JUnitXMLReporter -->
<testsuite hostname="ShreeHari" ignored="0" name="Regression" tests="3" failures="0" timestamp="2022-05-09T14:56:18 BST" time="15.547" errors="0">
  <testcase name="aChileanComingToTheUKForWorkAndPlansOnStayingForLongerThanSixMonths" time="1.995" classname="gov.uk.check.visa.testsuite.VisaConfirmationTest"/>
  <testcase name="aColumbianNationalComingToTheUKToJoinAPartnerForALongStayTheyDoHaveAnArticlele10Or20Card" time="1.471" classname="gov.uk.check.visa.testsuite.VisaConfirmationTest"/>
  <testcase name="anAustralianComingToUKForTourism" time="1.396" classname="gov.uk.check.visa.testsuite.VisaConfirmationTest"/>
</testsuite> <!-- Regression -->
