<?xml version="1.0" encoding="UTF-8"?>
<!-- Generated by org.testng.reporters.JUnitXMLReporter -->
<testsuite hostname="ShreeHari" ignored="0" name="All Test" tests="3" failures="0" timestamp="2022-05-09T15:00:14 BST" time="13.897" errors="0">
  <testcase name="aChileanComingToTheUKForWorkAndPlansOnStayingForLongerThanSixMonths" time="1.475" classname="gov.uk.check.visa.testsuite.VisaConfirmationTest"/>
  <testcase name="aColumbianNationalComingToTheUKToJoinAPartnerForALongStayTheyDoHaveAnArticlele10Or20Card" time="1.18" classname="gov.uk.check.visa.testsuite.VisaConfirmationTest"/>
  <testcase name="anAustralianComingToUKForTourism" time="1.044" classname="gov.uk.check.visa.testsuite.VisaConfirmationTest"/>
</testsuite> <!-- All Test -->
